# JRE version: OpenJDK Runtime Environment (8.0) (build 1.8.0-adoptopenjdk-_2018_05_19_00_59-b00)
# Java VM: OpenJDK 64-Bit Server VM (25.71-b00 mixed mode windows-amd64 compressed oops)
Heap:
 PSYoungGen      total 255488K, used 205558K [0x000000076ab00000, 0x000000077de00000, 0x00000007c0000000)
  eden space 235008K, 78% used [0x000000076ab00000,0x0000000775fc2e80,0x0000000779080000)
  from space 20480K, 99% used [0x0000000779080000,0x000000077a47aab0,0x000000077a480000)
  to   space 25600K, 0% used [0x000000077c500000,0x000000077c500000,0x000000077de00000)
 ParOldGen       total 155648K, used 39375K [0x00000006c0000000, 0x00000006c9800000, 0x000000076ab00000)
  object space 155648K, 25% used [0x00000006c0000000,0x00000006c2673ed0,0x00000006c9800000)
 Metaspace       used 77883K, capacity 80884K, committed 81280K, reserved 1120256K
  class space    used 10346K, capacity 11030K, committed 11136K, reserved 1048576K
GC Heap History (10 events):
Event: 18.342 GC heap before
{Heap before GC invocations=16 (full 2):
 PSYoungGen      total 203776K, used 203087K [0x000000076ab00000, 0x0000000779780000, 0x00000007c0000000)
  eden space 190464K, 100% used [0x000000076ab00000,0x0000000776500000,0x0000000776500000)
  from space 13312K, 94% used [0x0000000776500000,0x0000000777153e90,0x0000000777200000)
  to   space 14336K, 0% used [0x0000000778980000,0x0000000778980000,0x0000000779780000)
 ParOldGen       total 105472K, used 16700K [0x00000006c0000000, 0x00000006c6700000, 0x000000076ab00000)
  object space 105472K, 15% used [0x00000006c0000000,0x00000006c104f120,0x00000006c6700000)
 Metaspace       used 45542K, capacity 46628K, committed 46848K, reserved 1089536K
  class space    used 5831K, capacity 6131K, committed 6144K, reserved 1048576K
Event: 18.347 GC heap after
Heap after GC invocations=16 (full 2):
 PSYoungGen      total 226816K, used 10572K [0x000000076ab00000, 0x0000000779700000, 0x00000007c0000000)
  eden space 212992K, 0% used [0x000000076ab00000,0x000000076ab00000,0x0000000777b00000)
  from space 13824K, 76% used [0x0000000778980000,0x00000007793d30c8,0x0000000779700000)
  to   space 14336K, 0% used [0x0000000777b00000,0x0000000777b00000,0x0000000778900000)
 ParOldGen       total 105472K, used 16700K [0x00000006c0000000, 0x00000006c6700000, 0x000000076ab00000)
  object space 105472K, 15% used [0x00000006c0000000,0x00000006c104f120,0x00000006c6700000)
 Metaspace       used 45542K, capacity 46628K, committed 46848K, reserved 1089536K
  class space    used 5831K, capacity 6131K, committed 6144K, reserved 1048576K
}
Event: 19.955 GC heap before
{Heap before GC invocations=17 (full 2):
 PSYoungGen      total 226816K, used 223564K [0x000000076ab00000, 0x0000000779700000, 0x00000007c0000000)
  eden space 212992K, 100% used [0x000000076ab00000,0x0000000777b00000,0x0000000777b00000)
  from space 13824K, 76% used [0x0000000778980000,0x00000007793d30c8,0x0000000779700000)
  to   space 14336K, 0% used [0x0000000777b00000,0x0000000777b00000,0x0000000778900000)
 ParOldGen       total 105472K, used 16700K [0x00000006c0000000, 0x00000006c6700000, 0x000000076ab00000)
  object space 105472K, 15% used [0x00000006c0000000,0x00000006c104f120,0x00000006c6700000)
 Metaspace       used 53728K, capacity 55122K, committed 55424K, reserved 1097728K
  class space    used 6853K, capacity 7238K, committed 7296K, reserved 1048576K
Event: 19.966 GC heap after
Heap after GC invocations=17 (full 2):
 PSYoungGen      total 227328K, used 14335K [0x000000076ab00000, 0x000000077b580000, 0x00000007c0000000)
  eden space 212992K, 0% used [0x000000076ab00000,0x000000076ab00000,0x0000000777b00000)
  from space 14336K, 99% used [0x0000000777b00000,0x00000007788ffdf8,0x0000000778900000)
  to   space 17408K, 0% used [0x000000077a480000,0x000000077a480000,0x000000077b580000)
 ParOldGen       total 105472K, used 21401K [0x00000006c0000000, 0x00000006c6700000, 0x000000076ab00000)
  object space 105472K, 20% used [0x00000006c0000000,0x00000006c14e65c8,0x00000006c6700000)
 Metaspace       used 53728K, capacity 55122K, committed 55424K, reserved 1097728K
  class space    used 6853K, capacity 7238K, committed 7296K, reserved 1048576K
}
Event: 20.389 GC heap before
{Heap before GC invocations=18 (full 2):
 PSYoungGen      total 227328K, used 71905K [0x000000076ab00000, 0x000000077b580000, 0x00000007c0000000)
  eden space 212992K, 27% used [0x000000076ab00000,0x000000076e338768,0x0000000777b00000)
  from space 14336K, 99% used [0x0000000777b00000,0x00000007788ffdf8,0x0000000778900000)
  to   space 17408K, 0% used [0x000000077a480000,0x000000077a480000,0x000000077b580000)
 ParOldGen       total 105472K, used 21401K [0x00000006c0000000, 0x00000006c6700000, 0x000000076ab00000)
  object space 105472K, 20% used [0x00000006c0000000,0x00000006c14e65c8,0x00000006c6700000)
 Metaspace       used 57375K, capacity 58904K, committed 59008K, reserved 1099776K
  class space    used 7322K, capacity 7760K, committed 7808K, reserved 1048576K
Event: 20.399 GC heap after
Heap after GC invocations=18 (full 2):
 PSYoungGen      total 252416K, used 17385K [0x000000076ab00000, 0x000000077c680000, 0x00000007c0000000)
  eden space 235008K, 0% used [0x000000076ab00000,0x000000076ab00000,0x0000000779080000)
  from space 17408K, 99% used [0x000000077a480000,0x000000077b57a5e0,0x000000077b580000)
  to   space 20480K, 0% used [0x0000000779080000,0x0000000779080000,0x000000077a480000)
 ParOldGen       total 105472K, used 24024K [0x00000006c0000000, 0x00000006c6700000, 0x000000076ab00000)
  object space 105472K, 22% used [0x00000006c0000000,0x00000006c1776040,0x00000006c6700000)
 Metaspace       used 57375K, capacity 58904K, committed 59008K, reserved 1099776K
  class space    used 7322K, capacity 7760K, committed 7808K, reserved 1048576K
}
Event: 20.399 GC heap before
{Heap before GC invocations=19 (full 3):
 PSYoungGen      total 252416K, used 17385K [0x000000076ab00000, 0x000000077c680000, 0x00000007c0000000)
  eden space 235008K, 0% used [0x000000076ab00000,0x000000076ab00000,0x0000000779080000)
  from space 17408K, 99% used [0x000000077a480000,0x000000077b57a5e0,0x000000077b580000)
  to   space 20480K, 0% used [0x0000000779080000,0x0000000779080000,0x000000077a480000)
 ParOldGen       total 105472K, used 24024K [0x00000006c0000000, 0x00000006c6700000, 0x000000076ab00000)
  object space 105472K, 22% used [0x00000006c0000000,0x00000006c1776040,0x00000006c6700000)
 Metaspace       used 57375K, capacity 58904K, committed 59008K, reserved 1099776K
  class space    used 7322K, capacity 7760K, committed 7808K, reserved 1048576K
Event: 20.587 GC heap after
Heap after GC invocations=19 (full 3):
 PSYoungGen      total 252416K, used 0K [0x000000076ab00000, 0x000000077c680000, 0x00000007c0000000)
  eden space 235008K, 0% used [0x000000076ab00000,0x000000076ab00000,0x0000000779080000)
  from space 17408K, 0% used [0x000000077a480000,0x000000077a480000,0x000000077b580000)
  to   space 20480K, 0% used [0x0000000779080000,0x0000000779080000,0x000000077a480000)
 ParOldGen       total 155648K, used 33244K [0x00000006c0000000, 0x00000006c9800000, 0x000000076ab00000)
  object space 155648K, 21% used [0x00000006c0000000,0x00000006c2077340,0x00000006c9800000)
 Metaspace       used 57314K, capacity 58784K, committed 59008K, reserved 1099776K
  class space    used 7306K, capacity 7720K, committed 7808K, reserved 1048576K
}
Event: 23.431 GC heap before
{Heap before GC invocations=20 (full 3):
 PSYoungGen      total 252416K, used 235008K [0x000000076ab00000, 0x000000077c680000, 0x00000007c0000000)
  eden space 235008K, 100% used [0x000000076ab00000,0x0000000779080000,0x0000000779080000)
  from space 17408K, 0% used [0x000000077a480000,0x000000077a480000,0x000000077b580000)
  to   space 20480K, 0% used [0x0000000779080000,0x0000000779080000,0x000000077a480000)
 ParOldGen       total 155648K, used 33244K [0x00000006c0000000, 0x00000006c9800000, 0x000000076ab00000)
  object space 155648K, 21% used [0x00000006c0000000,0x00000006c2077340,0x00000006c9800000)
 Metaspace       used 72681K, capacity 75478K, committed 75648K, reserved 1114112K
  class space    used 9700K, capacity 10337K, committed 10368K, reserved 1048576K
Event: 23.446 GC heap after
Heap after GC invocations=20 (full 3):
 PSYoungGen      total 255488K, used 20458K [0x000000076ab00000, 0x000000077de00000, 0x00000007c0000000)
  eden space 235008K, 0% used [0x000000076ab00000,0x000000076ab00000,0x0000000779080000)
  from space 20480K, 99% used [0x0000000779080000,0x000000077a47aab0,0x000000077a480000)
  to   space 25600K, 0% used [0x000000077c500000,0x000000077c500000,0x000000077de00000)
 ParOldGen       total 155648K, used 39375K [0x00000006c0000000, 0x00000006c9800000, 0x000000076ab00000)
  object space 155648K, 25% used [0x00000006c0000000,0x00000006c2673ed0,0x00000006c9800000)
 Metaspace       used 72681K, capacity 75478K, committed 75648K, reserved 1114112K
  class space    used 9700K, capacity 10337K, committed 10368K, reserved 1048576K
}

